<?xml version="1.0" encoding="UTF-8"?>
<!-- Generated by org.testng.reporters.JUnitXMLReporter -->
<testsuite ignored="0" hostname="L10-5CG91816Z4" failures="0" tests="9" name="Default test" time="5.258" errors="0" timestamp="2022-12-20T18:53:04 EST">
  <testcase classname="petStoteApi.petStoreApiTest" name="addPet" time="1.92"/>
  <testcase classname="petStoteApi.petStoreApiTest" name="invalidI" time="1.061"/>
  <testcase classname="petStoteApi.petStoreApiTest" name="postACat" time="0.164"/>
  <testcase classname="petStoteApi.petStoreApiTest" name="postAfish" time="0.174"/>
  <testcase classname="petStoteApi.petStoreApiTest" name="getPetByStatus" time="0.161"/>
  <testcase classname="petStoteApi.petStoreApiTest" name="postCatJson" time="0.145"/>
  <testcase classname="petStoteApi.petStoreApiTest" name="getPetbyId" time="0.11"/>
  <testcase classname="petStoteApi.petStoreApiTest" name="updateCat" time="0.131"/>
  <testcase classname="petStoteApi.petStoreApiTest" name="getAssertById" time="0.387"/>
</testsuite> <!-- Default test -->
