<?xml version="1.0" encoding="UTF-8"?>
<!-- Generated by org.testng.reporters.JUnitXMLReporter -->
<testsuite ignored="8" hostname="L10-5CG91816Z4" failures="0" tests="1" name="Default test" time="3.754" errors="0" timestamp="2022-12-21T09:27:06 EST">
  <testcase classname="petStoteApi.petStoreApiTest" name="postCatJson" time="2.704"/>
  <testcase classname="petStoteApi.petStoreApiTest" name="addPet" time="0.0">
    <ignored/>
  </testcase> <!-- addPet -->
  <testcase classname="petStoteApi.petStoreApiTest" name="getPetByStatus" time="0.0">
    <ignored/>
  </testcase> <!-- getPetByStatus -->
  <testcase classname="petStoteApi.petStoreApiTest" name="postACat" time="0.0">
    <ignored/>
  </testcase> <!-- postACat -->
  <testcase classname="petStoteApi.petStoreApiTest" name="updateCat" time="0.0">
    <ignored/>
  </testcase> <!-- updateCat -->
  <testcase classname="petStoteApi.petStoreApiTest" name="postAfish" time="0.0">
    <ignored/>
  </testcase> <!-- postAfish -->
  <testcase classname="petStoteApi.petStoreApiTest" name="getAssertById" time="0.0">
    <ignored/>
  </testcase> <!-- getAssertById -->
  <testcase classname="petStoteApi.petStoreApiTest" name="getPetbyId" time="0.0">
    <ignored/>
  </testcase> <!-- getPetbyId -->
  <testcase classname="petStoteApi.petStoreApiTest" name="invalidI" time="0.0">
    <ignored/>
  </testcase> <!-- invalidI -->
</testsuite> <!-- Default test -->
